Release 14.7 - xst P.20131013 (nt64)
Copyright (c) 1995-2013 Xilinx, Inc.  All rights reserved.
--> Parameter TMPDIR set to xst/projnav.tmp


Total REAL time to Xst completion: 0.00 secs
Total CPU time to Xst completion: 0.13 secs
 
--> Parameter xsthdpdir set to xst


Total REAL time to Xst completion: 0.00 secs
Total CPU time to Xst completion: 0.13 secs
 
--> Reading design: BitShiftRegParalle.prj

TABLE OF CONTENTS
  1) Synthesis Options Summary
  2) HDL Parsing
  3) HDL Elaboration
  4) HDL Synthesis
       4.1) HDL Synthesis Report
  5) Advanced HDL Synthesis
       5.1) Advanced HDL Synthesis Report
  6) Low Level Synthesis
  7) Partition Report
  8) Design Summary
       8.1) Primitive and Black Box Usage
       8.2) Device utilization summary
       8.3) Partition Resource Summary
       8.4) Timing Report
            8.4.1) Clock Information
            8.4.2) Asynchronous Control Signals Information
            8.4.3) Timing Summary
            8.4.4) Timing Details
            8.4.5) Cross Clock Domains Report


=========================================================================
*                      Synthesis Options Summary                        *
=========================================================================
---- Source Parameters
Input File Name                    : "BitShiftRegParalle.prj"
Ignore Synthesis Constraint File   : NO

---- Target Parameters
Output File Name                   : "BitShiftRegParalle"
Output Format                      : NGC
Target Device                      : xc7z010-3-clg400

---- Source Options
Top Module Name                    : BitShiftRegParalle
Automatic FSM Extraction           : YES
FSM Encoding Algorithm             : Auto
Safe Implementation                : No
FSM Style                          : LUT
RAM Extraction                     : Yes
RAM Style                          : Auto
ROM Extraction                     : Yes
Shift Register Extraction          : YES
ROM Style                          : Auto
Resource Sharing                   : YES
Asynchronous To Synchronous        : NO
Shift Register Minimum Size        : 2
Use DSP Block                      : Auto
Automatic Register Balancing       : No

---- Target Options
LUT Combining                      : Auto
Reduce Control Sets                : Auto
Add IO Buffers                     : YES
Global Maximum Fanout              : 100000
Add Generic Clock Buffer(BUFG)     : 32
Register Duplication               : YES
Optimize Instantiated Primitives   : NO
Use Clock Enable                   : Auto
Use Synchronous Set                : Auto
Use Synchronous Reset              : Auto
Pack IO Registers into IOBs        : Auto
Equivalent register Removal        : YES

---- General Options
Optimization Goal                  : Speed
Optimization Effort                : 1
Power Reduction                    : NO
Keep Hierarchy                     : No
Netlist Hierarchy                  : As_Optimized
RTL Output                         : Yes
Global Optimization                : AllClockNets
Read Cores                         : YES
Write Timing Constraints           : NO
Cross Clock Analysis               : NO
Hierarchy Separator                : /
Bus Delimiter                      : <>
Case Specifier                     : Maintain
Slice Utilization Ratio            : 100
BRAM Utilization Ratio             : 100
DSP48 Utilization Ratio            : 100
Auto BRAM Packing                  : NO
Slice Utilization Ratio Delta      : 5

=========================================================================


=========================================================================
*                          HDL Parsing                                  *
=========================================================================
Analyzing Verilog file "C:\Users\Megan\Downloads\BrauchlerLab05-20211024T045543Z-001\Lab6\BitShiftRegParalle.vf" into library work
Parsing module <M4_1E_HXILINX_BitShiftRegParalle>.
Parsing module <FJKC_HXILINX_BitShiftRegParalle>.
Parsing module <BitShiftRegParalle>.

=========================================================================
*                            HDL Elaboration                            *
=========================================================================

Elaborating module <BitShiftRegParalle>.

Elaborating module <FJKC_HXILINX_BitShiftRegParalle(INIT=1'b0)>.

Elaborating module <M4_1E_HXILINX_BitShiftRegParalle>.

Elaborating module <INV>.

Elaborating module <GND>.

Elaborating module <VCC>.

=========================================================================
*                           HDL Synthesis                               *
=========================================================================

Synthesizing Unit <BitShiftRegParalle>.
    Related source file is "C:\Users\Megan\Downloads\BrauchlerLab05-20211024T045543Z-001\Lab6\BitShiftRegParalle.vf".
    Set property "HU_SET = XLXI_1_0" for instance <XLXI_1>.
    Set property "HU_SET = XLXI_2_1" for instance <XLXI_2>.
    Set property "HU_SET = XLXI_3_2" for instance <XLXI_3>.
    Set property "HU_SET = XLXI_4_3" for instance <XLXI_4>.
    Set property "HU_SET = XLXI_5_4" for instance <XLXI_5>.
    Set property "HU_SET = XLXI_6_5" for instance <XLXI_6>.
    Set property "HU_SET = XLXI_7_6" for instance <XLXI_7>.
    Set property "HU_SET = XLXI_8_7" for instance <XLXI_8>.
    Summary:
	no macro.
Unit <BitShiftRegParalle> synthesized.

Synthesizing Unit <FJKC_HXILINX_BitShiftRegParalle>.
    Related source file is "C:\Users\Megan\Downloads\BrauchlerLab05-20211024T045543Z-001\Lab6\BitShiftRegParalle.vf".
        INIT = 1'b0
    Found 1-bit register for signal <Q>.
    Summary:
	inferred   1 D-type flip-flop(s).
	inferred   2 Multiplexer(s).
Unit <FJKC_HXILINX_BitShiftRegParalle> synthesized.

Synthesizing Unit <M4_1E_HXILINX_BitShiftRegParalle>.
    Related source file is "C:\Users\Megan\Downloads\BrauchlerLab05-20211024T045543Z-001\Lab6\BitShiftRegParalle.vf".
    Found 1-bit 4-to-1 multiplexer for signal <S1_D3_Mux_0_o> created at line 44.
    Summary:
	inferred   2 Multiplexer(s).
Unit <M4_1E_HXILINX_BitShiftRegParalle> synthesized.

=========================================================================
HDL Synthesis Report

Macro Statistics
# Registers                                            : 4
 1-bit register                                        : 4
# Multiplexers                                         : 16
 1-bit 2-to-1 multiplexer                              : 12
 1-bit 4-to-1 multiplexer                              : 4

=========================================================================

=========================================================================
*                       Advanced HDL Synthesis                          *
=========================================================================


=========================================================================
Advanced HDL Synthesis Report

Macro Statistics
# Registers                                            : 4
 Flip-Flops                                            : 4
# Multiplexers                                         : 16
 1-bit 2-to-1 multiplexer                              : 12
 1-bit 4-to-1 multiplexer                              : 4

=========================================================================

=========================================================================
*                         Low Level Synthesis                           *
=========================================================================

Optimizing unit <BitShiftRegParalle> ...

Optimizing unit <FJKC_HXILINX_BitShiftRegParalle> ...

Optimizing unit <M4_1E_HXILINX_BitShiftRegParalle> ...

Mapping all equations...
Building and optimizing final netlist ...
Found area constraint ratio of 100 (+ 5) on block BitShiftRegParalle, actual ratio is 0.

Final Macro Processing ...

=========================================================================
Final Register Report

Macro Statistics
# Registers                                            : 4
 Flip-Flops                                            : 4

=========================================================================

=========================================================================
*                           Partition Report                            *
=========================================================================

Partition Implementation Status
-------------------------------

  No Partitions were found in this design.

-------------------------------

=========================================================================
*                            Design Summary                             *
=========================================================================

Top Level Output File Name         : BitShiftRegParalle.ngc

Primitive and Black Box Usage:
------------------------------
# BELS                             : 14
#      GND                         : 1
#      INV                         : 4
#      LUT3                        : 4
#      LUT6                        : 4
#      VCC                         : 1
# FlipFlops/Latches                : 4
#      FDC                         : 4
# Clock Buffers                    : 1
#      BUFGP                       : 1
# IO Buffers                       : 10
#      IBUF                        : 6
#      OBUF                        : 4

Device utilization summary:
---------------------------

Selected Device : 7z010clg400-3 


Slice Logic Utilization: 
 Number of Slice Registers:               4  out of  35200     0%  
 Number of Slice LUTs:                   12  out of  17600     0%  
    Number used as Logic:                12  out of  17600     0%  

Slice Logic Distribution: 
 Number of LUT Flip Flop pairs used:     16
   Number with an unused Flip Flop:      12  out of     16    75%  
   Number with an unused LUT:             4  out of     16    25%  
   Number of fully used LUT-FF pairs:     0  out of     16     0%  
   Number of unique control sets:         4

IO Utilization: 
 Number of IOs:                          11
 Number of bonded IOBs:                  11  out of    100    11%  

Specific Feature Utilization:
 Number of BUFG/BUFGCTRLs:                1  out of     32     3%  

---------------------------
Partition Resource Summary:
---------------------------

  No Partitions were found in this design.

---------------------------


=========================================================================
Timing Report

NOTE: THESE TIMING NUMBERS ARE ONLY A SYNTHESIS ESTIMATE.
      FOR ACCURATE TIMING INFORMATION PLEASE REFER TO THE TRACE REPORT
      GENERATED AFTER PLACE-and-ROUTE.

Clock Information:
------------------
-----------------------------------+------------------------+-------+
Clock Signal                       | Clock buffer(FF name)  | Load  |
-----------------------------------+------------------------+-------+
CLK                                | BUFGP                  | 4     |
-----------------------------------+------------------------+-------+

Asynchronous Control Signals Information:
----------------------------------------
No asynchronous control signals found in this design

Timing Summary:
---------------
Speed Grade: -3

   Minimum period: 1.652ns (Maximum Frequency: 605.327MHz)
   Minimum input arrival time before clock: 1.529ns
   Maximum output required time after clock: 0.530ns
   Maximum combinational path delay: No path found

Timing Details:
---------------
All values displayed in nanoseconds (ns)

=========================================================================
Timing constraint: Default period analysis for Clock 'CLK'
  Clock period: 1.652ns (frequency: 605.327MHz)
  Total number of paths / destination ports: 28 / 4
-------------------------------------------------------------------------
Delay:               1.652ns (Levels of Logic = 5)
  Source:            XLXI_1/Q (FF)
  Destination:       XLXI_4/Q (FF)
  Source Clock:      CLK rising
  Destination Clock: CLK rising

  Data Path: XLXI_1/Q to XLXI_4/Q
                                Gate     Net
    Cell:in->out      fanout   Delay   Delay  Logical Name (Net Name)
    ----------------------------------------  ------------
     FDC:C->Q              5   0.232   0.447  Q (Q)
     end scope: 'XLXI_1:Q'
     begin scope: 'XLXI_8:D2'
     LUT6:I3->O            2   0.043   0.284  Mmux_O11 (O)
     end scope: 'XLXI_8:O'
     INV:I->O              1   0.314   0.289  XLXI_18 (XLXN_37)
     begin scope: 'XLXI_4:K'
     LUT3:I2->O            1   0.043   0.000  Q_rstpot (Q_rstpot)
     FDC:D                    -0.001          Q
    ----------------------------------------
    Total                      1.652ns (0.632ns logic, 1.020ns route)
                                       (38.3% logic, 61.7% route)

=========================================================================
Timing constraint: Default OFFSET IN BEFORE for Clock 'CLK'
  Total number of paths / destination ports: 24 / 4
-------------------------------------------------------------------------
Offset:              1.529ns (Levels of Logic = 6)
  Source:            S1 (PAD)
  Destination:       XLXI_4/Q (FF)
  Destination Clock: CLK rising

  Data Path: S1 to XLXI_4/Q
                                Gate     Net
    Cell:in->out      fanout   Delay   Delay  Logical Name (Net Name)
    ----------------------------------------  ------------
     IBUF:I->O             4   0.000   0.556  S1_IBUF (S1_IBUF)
     begin scope: 'XLXI_8:S1'
     LUT6:I1->O            2   0.043   0.284  Mmux_O11 (O)
     end scope: 'XLXI_8:O'
     INV:I->O              1   0.314   0.289  XLXI_18 (XLXN_37)
     begin scope: 'XLXI_4:K'
     LUT3:I2->O            1   0.043   0.000  Q_rstpot (Q_rstpot)
     FDC:D                    -0.001          Q
    ----------------------------------------
    Total                      1.529ns (0.400ns logic, 1.129ns route)
                                       (26.2% logic, 73.8% route)

=========================================================================
Timing constraint: Default OFFSET OUT AFTER for Clock 'CLK'
  Total number of paths / destination ports: 4 / 4
-------------------------------------------------------------------------
Offset:              0.530ns (Levels of Logic = 2)
  Source:            XLXI_1/Q (FF)
  Destination:       Q0 (PAD)
  Source Clock:      CLK rising

  Data Path: XLXI_1/Q to Q0
                                Gate     Net
    Cell:in->out      fanout   Delay   Delay  Logical Name (Net Name)
    ----------------------------------------  ------------
     FDC:C->Q              5   0.232   0.298  Q (Q)
     end scope: 'XLXI_1:Q'
     OBUF:I->O                 0.000          Q0_OBUF (Q0)
    ----------------------------------------
    Total                      0.530ns (0.232ns logic, 0.298ns route)
                                       (43.8% logic, 56.2% route)

=========================================================================

Cross Clock Domains Report:
--------------------------

Clock to Setup on destination clock CLK
---------------+---------+---------+---------+---------+
               | Src:Rise| Src:Fall| Src:Rise| Src:Fall|
Source Clock   |Dest:Rise|Dest:Rise|Dest:Fall|Dest:Fall|
---------------+---------+---------+---------+---------+
CLK            |    1.652|         |         |         |
---------------+---------+---------+---------+---------+

=========================================================================


Total REAL time to Xst completion: 17.00 secs
Total CPU time to Xst completion: 17.42 secs
 
--> 

Total memory usage is 4626072 kilobytes

Number of errors   :    0 (   0 filtered)
Number of warnings :    0 (   0 filtered)
Number of infos    :    0 (   0 filtered)

