--------------------------------------------------------------------------------
Release 14.7 Trace  (nt64)
Copyright (c) 1995-2013 Xilinx, Inc.  All rights reserved.

C:\Xilinx\14.7\ISE_DS\ISE\bin\nt64\unwrapped\trce.exe -intstyle ise -v 3 -s 3
-n 3 -fastpaths -xml BitShiftRegParalle.twx BitShiftRegParalle.ncd -o
BitShiftRegParalle.twr BitShiftRegParalle.pcf -ucf BitShiftRegParalle.ucf

Design file:              BitShiftRegParalle.ncd
Physical constraint file: BitShiftRegParalle.pcf
Device,package,speed:     xc7z010,clg400,C,-3 (PRELIMINARY 1.08 2013-10-13)
Report level:             verbose report

Environment Variable      Effect 
--------------------      ------ 
NONE                      No environment variables were set
--------------------------------------------------------------------------------

INFO:Timing:2698 - No timing constraints found, doing default enumeration.
INFO:Timing:3412 - To improve timing, see the Timing Closure User Guide (UG612).
INFO:Timing:2752 - To get complete path coverage, use the unconstrained paths 
   option. All paths that are not constrained will be reported in the 
   unconstrained paths section(s) of the report.
INFO:Timing:3339 - The clock-to-out numbers in this timing report are based on 
   a 50 Ohm transmission line loading model.  For the details of this model, 
   and for more information on accounting for different loading conditions, 
   please see the device datasheet.



Data Sheet report:
-----------------
All values displayed in nanoseconds (ns)

Setup/Hold to clock CLK
------------+------------+------------+------------+------------+------------------+--------+
            |Max Setup to|  Process   |Max Hold to |  Process   |                  | Clock  |
Source      | clk (edge) |   Corner   | clk (edge) |   Corner   |Internal Clock(s) | Phase  |
------------+------------+------------+------------+------------+------------------+--------+
D0          |   -0.411(R)|      FAST  |    2.045(R)|      SLOW  |CLK_BUFGP         |   0.000|
D1          |   -0.538(R)|      FAST  |    2.190(R)|      SLOW  |CLK_BUFGP         |   0.000|
D2          |   -0.332(R)|      FAST  |    1.926(R)|      SLOW  |CLK_BUFGP         |   0.000|
D3          |   -0.517(R)|      FAST  |    2.187(R)|      SLOW  |CLK_BUFGP         |   0.000|
S0          |   -0.049(R)|      FAST  |    1.675(R)|      SLOW  |CLK_BUFGP         |   0.000|
S1          |   -0.035(R)|      FAST  |    1.709(R)|      SLOW  |CLK_BUFGP         |   0.000|
------------+------------+------------+------------+------------+------------------+--------+

Clock CLK to Pad
------------+-----------------+------------+-----------------+------------+------------------+--------+
            |Max (slowest) clk|  Process   |Min (fastest) clk|  Process   |                  | Clock  |
Destination |  (edge) to PAD  |   Corner   |  (edge) to PAD  |   Corner   |Internal Clock(s) | Phase  |
------------+-----------------+------------+-----------------+------------+------------------+--------+
Q0          |        10.009(R)|      SLOW  |         3.954(R)|      FAST  |CLK_BUFGP         |   0.000|
Q1          |        10.022(R)|      SLOW  |         3.951(R)|      FAST  |CLK_BUFGP         |   0.000|
Q2          |         9.249(R)|      SLOW  |         3.571(R)|      FAST  |CLK_BUFGP         |   0.000|
Q3          |         9.293(R)|      SLOW  |         3.588(R)|      FAST  |CLK_BUFGP         |   0.000|
------------+-----------------+------------+-----------------+------------+------------------+--------+

Clock to Setup on destination clock CLK
---------------+---------+---------+---------+---------+
               | Src:Rise| Src:Fall| Src:Rise| Src:Fall|
Source Clock   |Dest:Rise|Dest:Rise|Dest:Fall|Dest:Fall|
---------------+---------+---------+---------+---------+
CLK            |    0.936|         |         |         |
---------------+---------+---------+---------+---------+


Analysis completed Fri Oct 29 10:22:44 2021 
--------------------------------------------------------------------------------

Trace Settings:
-------------------------
Trace Settings 

Peak Memory Usage: 4944 MB



