#-----------------------------------------------------------
# PlanAhead v14.7 (64-bit)
# Build 321239 by xbuild on Fri Sep 27 19:29:51 MDT 2013
# Start of session at: Fri Oct 29 10:07:27 2021
# Process ID: 9344
# Log file: C:/Users/Megan/Documents/Classes/Comp Arch/Lab/Lab6/Lab6/planAhead_run_3/planAhead.log
# Journal file: C:/Users/Megan/Documents/Classes/Comp Arch/Lab/Lab6/Lab6/planAhead_run_3/planAhead.jou
#-----------------------------------------------------------
INFO: [Common 17-78] Attempting to get a license: PlanAhead
INFO: [Common 17-290] Got license for PlanAhead
INFO: [Device 21-36] Loading parts and site information from C:/Xilinx/14.7/ISE_DS/PlanAhead/data/parts/arch.xml
Parsing RTL primitives file [C:/Xilinx/14.7/ISE_DS/PlanAhead/data/parts/xilinx/rtl/prims/rtl_prims.xml]
Finished parsing RTL primitives file [C:/Xilinx/14.7/ISE_DS/PlanAhead/data/parts/xilinx/rtl/prims/rtl_prims.xml]
start_gui
source {C:/Users/Megan/Documents/Classes/Comp Arch/Lab/Lab6/Lab6/pa.fromNetlist.tcl}
# create_project -name Lab6 -dir "C:/Users/Megan/Documents/Classes/Comp Arch/Lab/Lab6/Lab6/planAhead_run_3" -part xc7z010clg400-3
# set_property design_mode GateLvl [get_property srcset [current_run -impl]]
# set_property edif_top_file "C:/Users/Megan/Documents/Classes/Comp Arch/Lab/Lab6/Lab6/BitShiftRegParalle.ngc" [ get_property srcset [ current_run ] ]
# add_files -norecurse { {C:/Users/Megan/Documents/Classes/Comp Arch/Lab/Lab6/Lab6} }
# set_param project.pinAheadLayout  yes
# set_property target_constrs_file "BitShiftRegParalle.ucf" [current_fileset -constrset]
Adding file 'C:/Users/Megan/Documents/Classes/Comp Arch/Lab/Lab6/Lab6/BitShiftRegParalle.ucf' to fileset 'constrs_1'
# add_files [list {BitShiftRegParalle.ucf}] -fileset [get_property constrset [current_run]]
# link_design
Design is defaulting to srcset: sources_1
Design is defaulting to constrset: constrs_1
Design is defaulting to project part: xc7z010clg400-3
Release 14.7 - ngc2edif P.20131013 (nt64)
Copyright (c) 1995-2013 Xilinx, Inc.  All rights reserved.
Reading design BitShiftRegParalle.ngc ...
WARNING:NetListWriters:298 - No output is written to BitShiftRegParalle.xncf,
   ignored.
Processing design ...
   Preping design's networks ...
   Preping design's macros ...
  finished :Prep
Writing EDIF netlist file BitShiftRegParalle.edif ...
ngc2edif: Total memory usage is 4310820 kilobytes

Parsing EDIF File [./planAhead_run_3/Lab6.data/cache/BitShiftRegParalle_ngc_zx.edif]
Finished Parsing EDIF File [./planAhead_run_3/Lab6.data/cache/BitShiftRegParalle_ngc_zx.edif]
INFO: [Netlist 29-17] Analyzing 5 Unisim elements for replacement
INFO: [Netlist 29-28] Unisim Transformation completed in 0 CPU seconds
Loading clock regions from C:/Xilinx/14.7/ISE_DS/PlanAhead/data\parts/xilinx/zynq/zynq/xc7z010/ClockRegion.xml
Loading clock buffers from C:/Xilinx/14.7/ISE_DS/PlanAhead/data\parts/xilinx/zynq/zynq/xc7z010/ClockBuffers.xml
Loading clock placement rules from C:/Xilinx/14.7/ISE_DS/PlanAhead/data/parts/xilinx/zynq/ClockPlacerRules.xml
Loading package pin functions from C:/Xilinx/14.7/ISE_DS/PlanAhead/data\parts/xilinx/zynq/PinFunctions.xml...
Loading package from C:/Xilinx/14.7/ISE_DS/PlanAhead/data\parts/xilinx/zynq/zynq/xc7z010/clg400/Package.xml
Loading io standards from C:/Xilinx/14.7/ISE_DS/PlanAhead/data\./parts/xilinx/zynq/IOStandards.xml
Loading list of drcs for the architecture : C:/Xilinx/14.7/ISE_DS/PlanAhead/data\./parts/xilinx/zynq/drc.xml
Parsing UCF File [C:/Users/Megan/Documents/Classes/Comp Arch/Lab/Lab6/Lab6/BitShiftRegParalle.ucf]
CRITICAL WARNING: [Constraints 18-5] Cannot loc instance 'CLK_BUFGP/BUFG' at site Y16, Illegal to place instance CLK_BUFGP/BUFG on site Y16. The location site type doe not match the instance type. [C:/Users/Megan/Documents/Classes/Comp Arch/Lab/Lab6/Lab6/BitShiftRegParalle.ucf:18]
Finished Parsing UCF File [C:/Users/Megan/Documents/Classes/Comp Arch/Lab/Lab6/Lab6/BitShiftRegParalle.ucf]
INFO: [Designutils 20-20] Invalid constraints found, use command 'write_ucf -constraints invalid <file>' to save all the invalid constraints to a file
INFO: [Project 1-111] Unisim Transformation Summary:
  A total of 5 instances were transformed.
  BUFGP => BUFGP (IBUF, BUFG): 1 instances
  FDC => FDCE: 4 instances

Phase 0 | Netlist Checksum: 064a88a2
link_design: Time (s): elapsed = 00:00:36 . Memory (MB): peak = 785.965 ; gain = 364.082
exit
ERROR: [PlanAhead 12-106] *** Exception: ui.h.b: Found deleted key in HTclEventBroker. Verify if the classes listed here call cleanup()
HTclEvent: DEBUG_PORT_CONFIG_CHANGE   Classes: ui.views.aR 
HTclEvent: DEBUG_CORE_CONFIG_CHANGE   Classes: ui.views.aR 
HTclEvent: SIGNAL_MODIFY   Classes: ui.views.aR 
HTclEvent: SIGNAL_BUS_MODIFY   Classes: ui.views.aR 
 (See C:/Users/Megan/Documents/Classes/Comp Arch/Lab/Lab6/Lab6\planAhead_pid9344.debug)
ERROR: [Common 17-39] 'stop_gui' failed due to earlier errors.
INFO: [Common 17-206] Exiting PlanAhead at Fri Oct 29 10:30:18 2021...
INFO: [Common 17-83] Releasing license: PlanAhead
